<?xml version="1.0" encoding="UTF-8"?>
<!-- Generated by org.testng.reporters.JUnitReportReporter -->
<testsuite hostname="DVYAS" failures="0" tests="2" name="basics.JiraAPI" time="5.091" errors="0" timestamp="2025-07-23T13:41:14 EDT" skipped="0">
  <testcase classname="basics.JiraAPI" name="createIssueAndAttachFile" time="4.659"/>
  <system-out/>
  <testcase classname="basics.JiraAPI" name="addCommentToIssue" time="0.432"/>
  <system-out/>
</testsuite> <!-- basics.JiraAPI -->
