<?xml version="1.0" encoding="UTF-8"?>
<!-- Generated by org.testng.reporters.JUnitReportReporter -->
<testsuite hostname="DVYAS" failures="0" tests="3" name="basics.Library" time="9.639" errors="0" timestamp="2025-07-23T12:22:56 EDT" skipped="0">
  <testcase classname="basics.Library" name="bookAPI" time="2.348"/>
  <system-out/>
  <testcase classname="basics.Library" name="bookAPI" time="2.394"/>
  <system-out/>
  <testcase classname="basics.Library" name="bookAPI" time="4.897"/>
  <system-out/>
</testsuite> <!-- basics.Library -->
